{"level":"info","message":"⌛ Building environment","timeElapsed":157,"timestamp":"2024-09-18T20:32:13.165Z"}
{"level":"info","message":"⌛ Validating Objetos/Clase%202/testPepe.wtest","timeElapsed":181,"timestamp":"2024-09-18T20:32:13.348Z"}
{"level":"error","message":"✘ Failed to rebuild document Failed to parse Objetos/Clase%202/testPepe.wtest: \n-- PARSING FAILED --------------------------------------------------\n\n   6 |   pepe.bonoResultado(bonoResultadoFijo)\n   7 |   assert.equals(1041, pepe.sueldo())\n>  8 | }\n     | ^\n   9 | \n  10 | test \"Cuando pepe es desarrollador y tiene bono presentismo por faltas teniendo cero faltas y bono por resultado fijo\" {\n\nExpected one of the following: \n\n'@', 'class', 'const', 'describe', 'mixin', 'object', 'only', 'package', 'program', 'test', 'var', '{', EOF, comment, not \"}\n\n\", whitespace\n","stack":"Error: Failed to parse Objetos/Clase%202/testPepe.wtest: \n-- PARSING FAILED --------------------------------------------------\n\n   6 |   pepe.bonoResultado(bonoResultadoFijo)\n   7 |   assert.equals(1041, pepe.sueldo())\n>  8 | }\n     | ^\n   9 | \n  10 | test \"Cuando pepe es desarrollador y tiene bono presentismo por faltas teniendo cero faltas y bono por resultado fijo\" {\n\nExpected one of the following: \n\n'@', 'class', 'const', 'describe', 'mixin', 'object', 'only', 'package', 'program', 'test', 'var', '{', EOF, comment, not \"}\n\n\", whitespace\n\n    at /home/jeremias/.vscode/extensions/uqbar.wollok-lsp-ide-0.3.4/node_modules/wollok-ts/dist/index.js:54:19\n    at Array.map (<anonymous>)\n    at buildEnvironment (/home/jeremias/.vscode/extensions/uqbar.wollok-lsp-ide-0.3.4/node_modules/wollok-ts/dist/index.js:49:40)\n    at EnvironmentProvider.buildEnvironmentFrom (/home/jeremias/.vscode/extensions/uqbar.wollok-lsp-ide-0.3.4/server/out/utils/vm/environment.js:29:66)\n    at EnvironmentProvider.updateEnvironmentWith (/home/jeremias/.vscode/extensions/uqbar.wollok-lsp-ide-0.3.4/server/out/utils/vm/environment.js:19:37)\n    at rebuildTextDocument (/home/jeremias/.vscode/extensions/uqbar.wollok-lsp-ide-0.3.4/server/out/server.js:102:29)\n    at CallbackList.invoke (/home/jeremias/.vscode/extensions/uqbar.wollok-lsp-ide-0.3.4/server/node_modules/vscode-jsonrpc/lib/common/events.js:55:39)\n    at Emitter.fire (/home/jeremias/.vscode/extensions/uqbar.wollok-lsp-ide-0.3.4/server/node_modules/vscode-jsonrpc/lib/common/events.js:117:36)\n    at /home/jeremias/.vscode/extensions/uqbar.wollok-lsp-ide-0.3.4/server/node_modules/vscode-languageserver/lib/common/textDocuments.js:138:42\n    at handleNotification (/home/jeremias/.vscode/extensions/uqbar.wollok-lsp-ide-0.3.4/server/node_modules/vscode-jsonrpc/lib/common/connection.js:640:25)","timestamp":"2024-09-18T20:32:14.014Z"}
{"level":"info","message":"⌛ Building environment","timeElapsed":206,"timestamp":"2024-09-18T20:32:14.963Z"}
{"level":"info","message":"⌛ Building environment","timeElapsed":153,"timestamp":"2024-09-18T20:32:15.152Z"}
{"level":"info","message":"⌛ Building environment","timeElapsed":177,"timestamp":"2024-09-18T20:32:15.330Z"}
{"level":"info","message":"⌛ Validating Objetos/Clase%202/testPepe.wtest","timeElapsed":149,"timestamp":"2024-09-18T20:32:15.480Z"}
{"level":"info","message":"⌛ Building environment","timeElapsed":150,"timestamp":"2024-09-18T20:32:15.632Z"}
{"level":"info","message":"onRequest - completionItem/resolve","timestamp":"2024-09-18T20:32:15.633Z"}
{"level":"info","message":"⌛ Validating Objetos/Clase%202/testPepe.wtest","timeElapsed":178,"timestamp":"2024-09-18T20:32:15.811Z"}
{"level":"error","message":"✘ Failed to rebuild document Failed to parse Objetos/Clase%202/testPepe.wtest: \n-- PARSING FAILED --------------------------------------------------\n\n   6 |   pepe.bonoResultado(bonoResultadoFijo)\n   7 |   assert.equals(1041, pepe.sueldo())\n>  8 | }\n     | ^\n   9 | \n  10 | test \"Cuando pepe es desarrollador y tiene bono presentismo por faltas teniendo cero faltas y bono por resultado fijo\" {\n\nExpected one of the following: \n\n'@', 'class', 'const', 'describe', 'mixin', 'object', 'only', 'package', 'program', 'test', 'var', '{', EOF, comment, not \"}\n\n\", whitespace\n","stack":"Error: Failed to parse Objetos/Clase%202/testPepe.wtest: \n-- PARSING FAILED --------------------------------------------------\n\n   6 |   pepe.bonoResultado(bonoResultadoFijo)\n   7 |   assert.equals(1041, pepe.sueldo())\n>  8 | }\n     | ^\n   9 | \n  10 | test \"Cuando pepe es desarrollador y tiene bono presentismo por faltas teniendo cero faltas y bono por resultado fijo\" {\n\nExpected one of the following: \n\n'@', 'class', 'const', 'describe', 'mixin', 'object', 'only', 'package', 'program', 'test', 'var', '{', EOF, comment, not \"}\n\n\", whitespace\n\n    at /home/jeremias/.vscode/extensions/uqbar.wollok-lsp-ide-0.3.4/node_modules/wollok-ts/dist/index.js:54:19\n    at Array.map (<anonymous>)\n    at buildEnvironment (/home/jeremias/.vscode/extensions/uqbar.wollok-lsp-ide-0.3.4/node_modules/wollok-ts/dist/index.js:49:40)\n    at EnvironmentProvider.buildEnvironmentFrom (/home/jeremias/.vscode/extensions/uqbar.wollok-lsp-ide-0.3.4/server/out/utils/vm/environment.js:29:66)\n    at EnvironmentProvider.updateEnvironmentWith (/home/jeremias/.vscode/extensions/uqbar.wollok-lsp-ide-0.3.4/server/out/utils/vm/environment.js:19:37)\n    at rebuildTextDocument (/home/jeremias/.vscode/extensions/uqbar.wollok-lsp-ide-0.3.4/server/out/server.js:102:29)\n    at CallbackList.invoke (/home/jeremias/.vscode/extensions/uqbar.wollok-lsp-ide-0.3.4/server/node_modules/vscode-jsonrpc/lib/common/events.js:55:39)\n    at Emitter.fire (/home/jeremias/.vscode/extensions/uqbar.wollok-lsp-ide-0.3.4/server/node_modules/vscode-jsonrpc/lib/common/events.js:117:36)\n    at /home/jeremias/.vscode/extensions/uqbar.wollok-lsp-ide-0.3.4/server/node_modules/vscode-languageserver/lib/common/textDocuments.js:138:42\n    at handleNotification (/home/jeremias/.vscode/extensions/uqbar.wollok-lsp-ide-0.3.4/server/node_modules/vscode-jsonrpc/lib/common/connection.js:640:25)","timestamp":"2024-09-18T20:32:15.821Z"}
{"level":"info","message":"onRequest - completionItem/resolve","timestamp":"2024-09-18T20:32:15.822Z"}
{"level":"info","message":"⌛ Validating Objetos/Clase%202/testPepe.wtest","timeElapsed":165,"timestamp":"2024-09-18T20:32:16.018Z"}
{"level":"info","message":"⌛ Validating Objetos/Clase%202/testPepe.wtest","timeElapsed":157,"timestamp":"2024-09-18T20:32:16.177Z"}
{"level":"info","message":"⌛ Building environment","timeElapsed":232,"timestamp":"2024-09-18T20:32:16.410Z"}
{"level":"info","message":"⌛ Building environment","timeElapsed":157,"timestamp":"2024-09-18T20:32:16.567Z"}
{"level":"info","message":"⌛ Building environment","timeElapsed":166,"timestamp":"2024-09-18T20:32:16.734Z"}
{"level":"info","message":"onRequest - completionItem/resolve","timestamp":"2024-09-18T20:32:16.734Z"}
{"level":"info","message":"⌛ Validating Objetos/Clase%202/testPepe.wtest","timeElapsed":147,"timestamp":"2024-09-18T20:32:16.889Z"}
{"level":"info","message":"⌛ Validating Objetos/Clase%202/testPepe.wtest","timeElapsed":156,"timestamp":"2024-09-18T20:32:17.045Z"}
{"level":"info","message":"⌛ Validating Objetos/Clase%202/testPepe.wtest","timeElapsed":170,"timestamp":"2024-09-18T20:32:17.215Z"}
{"level":"info","message":"⌛ Building environment","timeElapsed":161,"timestamp":"2024-09-18T20:32:18.206Z"}
{"level":"info","message":"⌛ Validating Objetos/Clase%202/testPepe.wtest","timeElapsed":165,"timestamp":"2024-09-18T20:32:18.373Z"}
{"level":"info","message":"⌛ Building environment","timeElapsed":178,"timestamp":"2024-09-18T20:32:19.941Z"}
{"level":"info","message":"⌛ Validating Objetos/Clase%202/testPepe.wtest","timeElapsed":148,"timestamp":"2024-09-18T20:32:20.090Z"}
{"level":"error","message":"✘ Failed to rebuild document Failed to parse Objetos/Clase%202/testPepe.wtest: \n-- PARSING FAILED --------------------------------------------------\n\n   6 |   pepe.bonoResultado(bonoResultadoFijo)\n   7 |   assert.equals(1041, pepe.sueldo())\n>  8 | }\n     | ^\n   9 | \n  10 | test \"Cuando pepe es desarrollador y tiene bono presentismo por faltas teniendo cero faltas y bono por resultado fijo\" {\n\nExpected one of the following: \n\n'@', 'class', 'const', 'describe', 'mixin', 'object', 'only', 'package', 'program', 'test', 'var', '{', EOF, comment, not \"}\n\n\", whitespace\n","stack":"Error: Failed to parse Objetos/Clase%202/testPepe.wtest: \n-- PARSING FAILED --------------------------------------------------\n\n   6 |   pepe.bonoResultado(bonoResultadoFijo)\n   7 |   assert.equals(1041, pepe.sueldo())\n>  8 | }\n     | ^\n   9 | \n  10 | test \"Cuando pepe es desarrollador y tiene bono presentismo por faltas teniendo cero faltas y bono por resultado fijo\" {\n\nExpected one of the following: \n\n'@', 'class', 'const', 'describe', 'mixin', 'object', 'only', 'package', 'program', 'test', 'var', '{', EOF, comment, not \"}\n\n\", whitespace\n\n    at /home/jeremias/.vscode/extensions/uqbar.wollok-lsp-ide-0.3.4/node_modules/wollok-ts/dist/index.js:54:19\n    at Array.map (<anonymous>)\n    at buildEnvironment (/home/jeremias/.vscode/extensions/uqbar.wollok-lsp-ide-0.3.4/node_modules/wollok-ts/dist/index.js:49:40)\n    at EnvironmentProvider.buildEnvironmentFrom (/home/jeremias/.vscode/extensions/uqbar.wollok-lsp-ide-0.3.4/server/out/utils/vm/environment.js:29:66)\n    at EnvironmentProvider.updateEnvironmentWith (/home/jeremias/.vscode/extensions/uqbar.wollok-lsp-ide-0.3.4/server/out/utils/vm/environment.js:19:37)\n    at rebuildTextDocument (/home/jeremias/.vscode/extensions/uqbar.wollok-lsp-ide-0.3.4/server/out/server.js:102:29)\n    at CallbackList.invoke (/home/jeremias/.vscode/extensions/uqbar.wollok-lsp-ide-0.3.4/server/node_modules/vscode-jsonrpc/lib/common/events.js:55:39)\n    at Emitter.fire (/home/jeremias/.vscode/extensions/uqbar.wollok-lsp-ide-0.3.4/server/node_modules/vscode-jsonrpc/lib/common/events.js:117:36)\n    at /home/jeremias/.vscode/extensions/uqbar.wollok-lsp-ide-0.3.4/server/node_modules/vscode-languageserver/lib/common/textDocuments.js:138:42\n    at handleNotification (/home/jeremias/.vscode/extensions/uqbar.wollok-lsp-ide-0.3.4/server/node_modules/vscode-jsonrpc/lib/common/connection.js:640:25)","timestamp":"2024-09-18T20:32:20.672Z"}
{"level":"info","message":"⌛ Building environment","timeElapsed":184,"timestamp":"2024-09-18T20:32:22.179Z"}
{"level":"info","message":"⌛ Validating Objetos/Clase%202/testPepe.wtest","timeElapsed":164,"timestamp":"2024-09-18T20:32:22.358Z"}
{"level":"info","message":"⌛ Building environment","timeElapsed":123,"timestamp":"2024-09-18T20:32:50.002Z"}
{"level":"info","message":"⌛ Validating Objetos/Clase%202/pepe.wlk","timeElapsed":175,"timestamp":"2024-09-18T20:32:50.180Z"}
{"level":"info","message":"⌛ Building environment","timeElapsed":132,"timestamp":"2024-09-18T20:32:50.695Z"}
{"level":"info","message":"⌛ Validating Objetos/Clase%202/pepe.wlk","timeElapsed":157,"timestamp":"2024-09-18T20:32:50.886Z"}
{"level":"info","message":"⌛ Building environment","timeElapsed":120,"timestamp":"2024-09-18T20:32:51.006Z"}
{"level":"info","message":"⌛ Building environment","timeElapsed":118,"timestamp":"2024-09-18T20:32:51.124Z"}
{"level":"info","message":"⌛ Validating Objetos/Clase%202/pepe.wlk","timeElapsed":147,"timestamp":"2024-09-18T20:32:51.302Z"}
{"level":"info","message":"⌛ Validating Objetos/Clase%202/pepe.wlk","timeElapsed":157,"timestamp":"2024-09-18T20:32:51.460Z"}
{"level":"info","message":"⌛ Building environment","timeElapsed":110,"timestamp":"2024-09-18T20:32:52.695Z"}
{"level":"info","message":"⌛ Validating Objetos/Clase%202/pepe.wlk","timeElapsed":152,"timestamp":"2024-09-18T20:32:52.853Z"}
{"level":"info","message":"⌛ Building environment","timeElapsed":108,"timestamp":"2024-09-18T20:32:52.962Z"}
{"level":"info","message":"⌛ Building environment","timeElapsed":124,"timestamp":"2024-09-18T20:32:53.087Z"}
{"level":"info","message":"⌛ Validating Objetos/Clase%202/pepe.wlk","timeElapsed":151,"timestamp":"2024-09-18T20:32:53.243Z"}
{"level":"info","message":"⌛ Validating Objetos/Clase%202/pepe.wlk","timeElapsed":175,"timestamp":"2024-09-18T20:32:53.419Z"}
{"level":"info","message":"⌛ Building environment","timeElapsed":109,"timestamp":"2024-09-18T20:32:53.531Z"}
{"level":"info","message":"⌛ Building environment","timeElapsed":109,"timestamp":"2024-09-18T20:32:53.668Z"}
{"level":"info","message":"⌛ Building environment","timeElapsed":103,"timestamp":"2024-09-18T20:32:53.772Z"}
{"level":"info","message":"⌛ Building environment","timeElapsed":107,"timestamp":"2024-09-18T20:32:53.884Z"}
{"level":"info","message":"⌛ Validating Objetos/Clase%202/pepe.wlk","timeElapsed":150,"timestamp":"2024-09-18T20:32:54.035Z"}
{"level":"info","message":"⌛ Validating Objetos/Clase%202/pepe.wlk","timeElapsed":158,"timestamp":"2024-09-18T20:32:54.201Z"}
{"level":"info","message":"⌛ Validating Objetos/Clase%202/pepe.wlk","timeElapsed":141,"timestamp":"2024-09-18T20:32:54.342Z"}
{"level":"info","message":"⌛ Validating Objetos/Clase%202/pepe.wlk","timeElapsed":144,"timestamp":"2024-09-18T20:32:54.487Z"}
{"level":"info","message":"⌛ Building environment","timeElapsed":165,"timestamp":"2024-09-18T20:32:57.675Z"}
{"level":"info","message":"⌛ Validating Objetos/Clase%202/testPepe.wtest","timeElapsed":169,"timestamp":"2024-09-18T20:32:57.847Z"}
{"level":"info","message":"⌛ Building environment","timeElapsed":126,"timestamp":"2024-09-18T20:33:00.975Z"}
{"level":"info","message":"⌛ Validating Objetos/Clase%202/pepe.wlk","timeElapsed":143,"timestamp":"2024-09-18T20:33:01.149Z"}
{"level":"info","message":"⌛ Building environment","timeElapsed":155,"timestamp":"2024-09-18T20:33:01.307Z"}
{"level":"info","message":"⌛ Building environment","timeElapsed":121,"timestamp":"2024-09-18T20:33:01.430Z"}
{"level":"info","message":"⌛ Validating Objetos/Clase%202/pepe.wlk","timeElapsed":160,"timestamp":"2024-09-18T20:33:01.638Z"}
{"level":"info","message":"⌛ Validating Objetos/Clase%202/pepe.wlk","timeElapsed":210,"timestamp":"2024-09-18T20:33:01.849Z"}
{"level":"info","message":"⌛ Building environment","timeElapsed":119,"timestamp":"2024-09-18T20:33:02.607Z"}
{"level":"info","message":"⌛ Validating Objetos/Clase%202/pepe.wlk","timeElapsed":157,"timestamp":"2024-09-18T20:33:02.766Z"}
{"level":"info","message":"⌛ Building environment","timeElapsed":124,"timestamp":"2024-09-18T20:33:02.891Z"}
{"level":"info","message":"⌛ Building environment","timeElapsed":111,"timestamp":"2024-09-18T20:33:03.003Z"}
{"level":"info","message":"⌛ Validating Objetos/Clase%202/pepe.wlk","timeElapsed":153,"timestamp":"2024-09-18T20:33:03.157Z"}
{"level":"info","message":"⌛ Validating Objetos/Clase%202/pepe.wlk","timeElapsed":156,"timestamp":"2024-09-18T20:33:03.313Z"}
{"level":"info","message":"⌛ Building environment","timeElapsed":126,"timestamp":"2024-09-18T20:33:03.445Z"}
{"level":"info","message":"⌛ Building environment","timeElapsed":131,"timestamp":"2024-09-18T20:33:03.603Z"}
{"level":"info","message":"⌛ Validating Objetos/Clase%202/pepe.wlk","timeElapsed":155,"timestamp":"2024-09-18T20:33:03.764Z"}
{"level":"info","message":"onRequest - completionItem/resolve","timestamp":"2024-09-18T20:33:03.765Z"}
{"level":"info","message":"⌛ Building environment","timeElapsed":118,"timestamp":"2024-09-18T20:33:03.883Z"}
{"level":"info","message":"onRequest - completionItem/resolve","timestamp":"2024-09-18T20:33:03.883Z"}
{"level":"info","message":"⌛ Building environment","timeElapsed":105,"timestamp":"2024-09-18T20:33:03.989Z"}
{"level":"info","message":"⌛ Validating Objetos/Clase%202/pepe.wlk","timeElapsed":161,"timestamp":"2024-09-18T20:33:04.179Z"}
{"level":"info","message":"⌛ Validating Objetos/Clase%202/pepe.wlk","timeElapsed":144,"timestamp":"2024-09-18T20:33:04.323Z"}
{"level":"info","message":"⌛ Validating Objetos/Clase%202/pepe.wlk","timeElapsed":173,"timestamp":"2024-09-18T20:33:04.497Z"}
{"level":"info","message":"⌛ Building environment","timeElapsed":171,"timestamp":"2024-09-18T20:33:05.959Z"}
{"level":"info","message":"⌛ Validating Objetos/Clase%202/testPepe.wtest","timeElapsed":171,"timestamp":"2024-09-18T20:33:06.181Z"}
{"level":"info","message":"⌛ Building environment","timeElapsed":169,"timestamp":"2024-09-18T20:33:09.409Z"}
{"level":"info","message":"⌛ Validating Objetos/Clase%202/testPepe.wtest","timeElapsed":145,"timestamp":"2024-09-18T20:33:09.560Z"}
{"level":"info","message":"⌛ Building environment","timeElapsed":166,"timestamp":"2024-09-18T20:33:20.166Z"}
{"level":"info","message":"⌛ Validating Objetos/Clase%202/testPepe.wtest","timeElapsed":167,"timestamp":"2024-09-18T20:33:20.373Z"}
